C:\DOCUMENTS AND SETTINGS\X\MY DOCUMENTS\VISUAL STUDIO 2010\PROJECTS\ARCFIZZBUZZDLL\ARCFIZZBUZZDLL\DEBUG\ARCFIZZBUZZDLL.DLL.EMBED.MANIFEST
C:\DOCUMENTS AND SETTINGS\X\MY DOCUMENTS\VISUAL STUDIO 2010\PROJECTS\ARCFIZZBUZZDLL\ARCFIZZBUZZDLL\DEBUG\ARCFIZZBUZZDLL.DLL.EMBED.MANIFEST.RES
C:\DOCUMENTS AND SETTINGS\X\MY DOCUMENTS\VISUAL STUDIO 2010\PROJECTS\ARCFIZZBUZZDLL\ARCFIZZBUZZDLL\DEBUG\ARCFIZZBUZZDLL.DLL.INTERMEDIATE.MANIFEST
C:\DOCUMENTS AND SETTINGS\X\MY DOCUMENTS\VISUAL STUDIO 2010\PROJECTS\ARCFIZZBUZZDLL\ARCFIZZBUZZDLL\DEBUG\ARCFIZZBUZZDLL.OBJ
C:\DOCUMENTS AND SETTINGS\X\MY DOCUMENTS\VISUAL STUDIO 2010\PROJECTS\ARCFIZZBUZZDLL\ARCFIZZBUZZDLL\DEBUG\ARCFIZZBUZZDLL.PCH
C:\Documents and Settings\x\My Documents\Visual Studio 2010\Projects\ARCfizzbuzzDLL\ARCfizzbuzzDLL\Debug\ARCfizzbuzzDLL.write.1.tlog
C:\Documents and Settings\x\My Documents\Visual Studio 2010\Projects\ARCfizzbuzzDLL\ARCfizzbuzzDLL\Debug\ARCfizzbuzzDLL_manifest.rc
C:\Documents and Settings\x\My Documents\Visual Studio 2010\Projects\ARCfizzbuzzDLL\ARCfizzbuzzDLL\Debug\cl.command.1.tlog
C:\Documents and Settings\x\My Documents\Visual Studio 2010\Projects\ARCfizzbuzzDLL\ARCfizzbuzzDLL\Debug\CL.read.1.tlog
C:\Documents and Settings\x\My Documents\Visual Studio 2010\Projects\ARCfizzbuzzDLL\ARCfizzbuzzDLL\Debug\CL.write.1.tlog
C:\DOCUMENTS AND SETTINGS\X\MY DOCUMENTS\VISUAL STUDIO 2010\PROJECTS\ARCFIZZBUZZDLL\ARCFIZZBUZZDLL\DEBUG\DLLMAIN.OBJ
C:\Documents and Settings\x\My Documents\Visual Studio 2010\Projects\ARCfizzbuzzDLL\ARCfizzbuzzDLL\Debug\link.13544.read.1.tlog
C:\Documents and Settings\x\My Documents\Visual Studio 2010\Projects\ARCfizzbuzzDLL\ARCfizzbuzzDLL\Debug\link.13544.write.1.tlog
C:\Documents and Settings\x\My Documents\Visual Studio 2010\Projects\ARCfizzbuzzDLL\ARCfizzbuzzDLL\Debug\link.13544-cvtres.read.1.tlog
C:\Documents and Settings\x\My Documents\Visual Studio 2010\Projects\ARCfizzbuzzDLL\ARCfizzbuzzDLL\Debug\link.13544-cvtres.write.1.tlog
C:\Documents and Settings\x\My Documents\Visual Studio 2010\Projects\ARCfizzbuzzDLL\ARCfizzbuzzDLL\Debug\link.command.1.tlog
C:\Documents and Settings\x\My Documents\Visual Studio 2010\Projects\ARCfizzbuzzDLL\ARCfizzbuzzDLL\Debug\link.read.1.tlog
C:\Documents and Settings\x\My Documents\Visual Studio 2010\Projects\ARCfizzbuzzDLL\ARCfizzbuzzDLL\Debug\link.write.1.tlog
C:\Documents and Settings\x\My Documents\Visual Studio 2010\Projects\ARCfizzbuzzDLL\ARCfizzbuzzDLL\Debug\link-cvtres.read.1.tlog
C:\Documents and Settings\x\My Documents\Visual Studio 2010\Projects\ARCfizzbuzzDLL\ARCfizzbuzzDLL\Debug\link-cvtres.write.1.tlog
C:\Documents and Settings\x\My Documents\Visual Studio 2010\Projects\ARCfizzbuzzDLL\ARCfizzbuzzDLL\Debug\mt.command.1.tlog
C:\Documents and Settings\x\My Documents\Visual Studio 2010\Projects\ARCfizzbuzzDLL\ARCfizzbuzzDLL\Debug\mt.read.1.tlog
C:\Documents and Settings\x\My Documents\Visual Studio 2010\Projects\ARCfizzbuzzDLL\ARCfizzbuzzDLL\Debug\mt.write.1.tlog
C:\Documents and Settings\x\My Documents\Visual Studio 2010\Projects\ARCfizzbuzzDLL\ARCfizzbuzzDLL\Debug\rc.command.1.tlog
C:\Documents and Settings\x\My Documents\Visual Studio 2010\Projects\ARCfizzbuzzDLL\ARCfizzbuzzDLL\Debug\rc.read.1.tlog
C:\Documents and Settings\x\My Documents\Visual Studio 2010\Projects\ARCfizzbuzzDLL\ARCfizzbuzzDLL\Debug\rc.write.1.tlog
C:\DOCUMENTS AND SETTINGS\X\MY DOCUMENTS\VISUAL STUDIO 2010\PROJECTS\ARCFIZZBUZZDLL\ARCFIZZBUZZDLL\DEBUG\STDAFX.OBJ
C:\Documents and Settings\x\My Documents\Visual Studio 2010\Projects\ARCfizzbuzzDLL\ARCfizzbuzzDLL\Debug\vc100.idb
C:\DOCUMENTS AND SETTINGS\X\MY DOCUMENTS\VISUAL STUDIO 2010\PROJECTS\ARCFIZZBUZZDLL\ARCFIZZBUZZDLL\DEBUG\VC100.PDB
C:\DOCUMENTS AND SETTINGS\X\MY DOCUMENTS\VISUAL STUDIO 2010\PROJECTS\ARCFIZZBUZZDLL\DEBUG\ARCFIZZBUZZDLL.DLL
C:\Documents and Settings\x\My Documents\Visual Studio 2010\Projects\ARCfizzbuzzDLL\Debug\ARCfizzbuzzDLL.exp
C:\DOCUMENTS AND SETTINGS\X\MY DOCUMENTS\VISUAL STUDIO 2010\PROJECTS\ARCFIZZBUZZDLL\DEBUG\ARCFIZZBUZZDLL.ILK
C:\Documents and Settings\x\My Documents\Visual Studio 2010\Projects\ARCfizzbuzzDLL\Debug\ARCfizzbuzzDLL.lib
C:\DOCUMENTS AND SETTINGS\X\MY DOCUMENTS\VISUAL STUDIO 2010\PROJECTS\ARCFIZZBUZZDLL\DEBUG\ARCFIZZBUZZDLL.PDB
